<?xml version="1.0" encoding="UTF-8"?>
<!-- Generated by org.testng.reporters.JUnitReportReporter -->
<testsuite hostname="DESKTOP-7F3BC8M" name="DemoWithJenkins" tests="1" failures="0" timestamp="19 Apr 2018 04:49:41 GMT" time="0.114" errors="0">
  <testcase name="demo" time="0.114" classname="DemoWithJenkins"/>
</testsuite> <!-- DemoWithJenkins -->
